<?xml version="1.0" encoding="UTF-8"?>
<!-- Generated by org.testng.reporters.JUnitReportReporter -->
<testsuite hostname="Hareesh" failures="0" tests="2" name="Frameworks.SeleniumFrameWorks.StandAlone2" time="27.861" errors="0" timestamp="2024-06-07T09:36:25 IST" skipped="0">
  <testcase classname="Frameworks.SeleniumFrameWorks.StandAlone2" name="submitorder" time="13.526"/>
  <testcase classname="Frameworks.SeleniumFrameWorks.StandAlone2" name="submitorder" time="14.335"/>
</testsuite> <!-- Frameworks.SeleniumFrameWorks.StandAlone2 -->
